<?xml version="1.0" encoding="UTF-8"?>
<!-- Generated by org.testng.reporters.JUnitXMLReporter -->
<testsuite ignored="0" hostname="INTELLIAGENT1" failures="0" tests="2" name="Surefire test" time="13.215" errors="0" timestamp="2024-09-11T12:39:54 IST">
  <testcase classname="FrameWork.FrameWork.ErrorValidationTest" name="LoginErrorValidation" time="1.68"/>
  <testcase classname="FrameWork.FrameWork.ErrorValidationTest" name="ProductErrorValidation" time="4.442"/>
</testsuite> <!-- Surefire test -->
