<?xml version="1.0" encoding="UTF-8"?>
<!-- Generated by org.testng.reporters.JUnitXMLReporter -->
<testsuite ignored="0" hostname="INTELLIAGENT1" failures="0" tests="2" name="Surefire test" time="8.255" errors="0" timestamp="2024-09-11T01:06:03 IST">
  <testcase classname="FrameWork.FrameWork.ErrorValidationTest" name="LoginErrorValidation" time="1.033"/>
  <testcase classname="FrameWork.FrameWork.ErrorValidationTest" name="ProductErrorValidation" time="3.618"/>
</testsuite> <!-- Surefire test -->
