<?xml version="1.0" encoding="UTF-8"?>
<!-- Generated by org.testng.reporters.JUnitXMLReporter -->
<testsuite ignored="0" hostname="INTELLIAGENT1" failures="0" tests="2" name="Default test" time="12.367" errors="0" timestamp="2024-09-10T20:03:16 IST">
  <testcase classname="FrameWork.FrameWork.ErrorValidationTest" name="LoginErrorValidation" time="1.699"/>
  <testcase classname="FrameWork.FrameWork.ErrorValidationTest" name="ProductErrorValidation" time="4.254"/>
</testsuite> <!-- Default test -->
