<?xml version="1.0" encoding="UTF-8"?>
<!-- Generated by org.testng.reporters.JUnitXMLReporter -->
<testsuite ignored="0" hostname="INTELLIAGENT1" failures="0" tests="3" name="Submit Order Test" time="19.874" errors="0" timestamp="2024-09-09T16:34:28 IST">
  <testcase classname="FrameWork.FrameWork.StandaloneTest2" name="StandAloneTest2" time="5.853"/>
  <testcase classname="FrameWork.FrameWork.StandaloneTest2" name="StandAloneTest2" time="6.495"/>
  <testcase classname="FrameWork.FrameWork.StandaloneTest2" name="OrderHistoryTest" time="2.597"/>
</testsuite> <!-- Submit Order Test -->
