<?xml version="1.0" encoding="UTF-8"?>
<!-- Generated by org.testng.reporters.JUnitXMLReporter -->
<testsuite ignored="0" hostname="INTELLIAGENT1" failures="1" tests="5" name="Test" time="29.147" errors="0" timestamp="2024-09-20T02:15:53 IST">
  <testcase classname="FrameWork.FrameWork.StandaloneTest2" name="StandAloneTest2" time="5.317"/>
  <testcase classname="FrameWork.FrameWork.StandaloneTest2" name="StandAloneTest2" time="5.827"/>
  <testcase classname="FrameWork.FrameWork.StandaloneTest2" name="OrderHistoryTest" time="2.452"/>
  <testcase classname="FrameWork.FrameWork.ErrorValidationTest" name="LoginErrorValidation" time="0.868">
    <failure type="java.lang.AssertionError" message="expected [Incorrect email or password.] but found [Incorrect email password.]">
      <![CDATA[java.lang.AssertionError: expected [Incorrect email or password.] but found [Incorrect email password.]
at FrameWork.FrameWork.ErrorValidationTest.LoginErrorValidation(ErrorValidationTest.java:35)
at java.base/java.util.ArrayList.forEach(ArrayList.java:1596)
... Removed 31 stack frames]]>
    </failure>
  </testcase> <!-- LoginErrorValidation -->
  <testcase classname="FrameWork.FrameWork.ErrorValidationTest" name="ProductErrorValidation" time="4.071"/>
</testsuite> <!-- Test -->
