<?xml version="1.0" encoding="UTF-8"?>
<!-- Generated by org.testng.reporters.JUnitXMLReporter -->
<testsuite ignored="0" hostname="INTELLIAGENT1" failures="0" tests="5" name="Test" time="23.981" errors="0" timestamp="2024-09-09T16:38:25 IST">
  <testcase classname="FrameWork.FrameWork.ErrorValidationTest" name="LoginErrorValidation" time="1.78"/>
  <testcase classname="FrameWork.FrameWork.ExcelDrivenRunning" name="StandAloneTest2" time="5.858"/>
  <testcase classname="FrameWork.FrameWork.ErrorValidationTest" name="ProductErrorValidation" time="4.502"/>
  <testcase classname="FrameWork.FrameWork.ExcelDrivenRunning" name="StandAloneTest2" time="6.556"/>
  <testcase classname="FrameWork.FrameWork.ExcelDrivenRunning" name="OrderHistoryTest" time="2.835"/>
</testsuite> <!-- Test -->
