<?xml version="1.0" encoding="UTF-8"?>
<!-- Generated by org.testng.reporters.JUnitXMLReporter -->
<testsuite ignored="0" hostname="INTELLIAGENT1" failures="0" tests="2" name="Error Validation test" time="19.971" errors="0" timestamp="2024-09-05T15:30:13 IST">
  <testcase classname="FrameWork.FrameWork.ErrorValidationTest" name="LoginErrorValidation" time="0.96"/>
  <testcase classname="FrameWork.FrameWork.ErrorValidationTest" name="ProductErrorValidation" time="4.634"/>
</testsuite> <!-- Error Validation test -->
