<?xml version="1.0" encoding="UTF-8"?>
<!-- Generated by org.testng.reporters.JUnitXMLReporter -->
<testsuite ignored="0" hostname="INTELLIAGENT1" failures="0" tests="3" name="Submit Order Test" time="33.46" errors="0" timestamp="2024-09-05T15:30:46 IST">
  <testcase classname="FrameWork.FrameWork.StandaloneTest2" name="StandAloneTest2" time="6.72"/>
  <testcase classname="FrameWork.FrameWork.StandaloneTest2" name="StandAloneTest2" time="6.752"/>
  <testcase classname="FrameWork.FrameWork.StandaloneTest2" name="OrderHistoryTest" time="2.846"/>
</testsuite> <!-- Submit Order Test -->
