<?xml version="1.0" encoding="UTF-8"?>
<!-- Generated by org.testng.reporters.JUnitXMLReporter -->
<testsuite ignored="0" hostname="INTELLIAGENT1" failures="0" tests="8" name="Test" time="50.598" errors="0" timestamp="2024-09-11T01:11:27 IST">
  <testcase classname="FrameWork.FrameWork.StandaloneTest2" name="StandAloneTest2" time="5.693"/>
  <testcase classname="FrameWork.FrameWork.StandaloneTest2" name="StandAloneTest2" time="5.723"/>
  <testcase classname="FrameWork.FrameWork.StandaloneTest2" name="OrderHistoryTest" time="2.387"/>
  <testcase classname="FrameWork.FrameWork.ErrorValidationTest" name="LoginErrorValidation" time="0.977"/>
  <testcase classname="FrameWork.FrameWork.ErrorValidationTest" name="ProductErrorValidation" time="3.627"/>
  <testcase classname="FrameWork.FrameWork.ExcelDrivenRunning" name="StandAloneTest2" time="5.553"/>
  <testcase classname="FrameWork.FrameWork.ExcelDrivenRunning" name="StandAloneTest2" time="5.107"/>
  <testcase classname="FrameWork.FrameWork.ExcelDrivenRunning" name="OrderHistoryTest" time="2.398"/>
</testsuite> <!-- Test -->
