<?xml version="1.0" encoding="UTF-8"?>
<!-- Generated by org.testng.reporters.JUnitXMLReporter -->
<testsuite ignored="0" hostname="INTELLIAGENT1" failures="0" tests="5" name="Test" time="32.016" errors="0" timestamp="2024-09-11T12:41:42 IST">
  <testcase classname="FrameWork.FrameWork.StandaloneTest2" name="StandAloneTest2" time="5.574"/>
  <testcase classname="FrameWork.FrameWork.StandaloneTest2" name="StandAloneTest2" time="6.399"/>
  <testcase classname="FrameWork.FrameWork.StandaloneTest2" name="OrderHistoryTest" time="2.643"/>
  <testcase classname="FrameWork.FrameWork.ErrorValidationTest" name="LoginErrorValidation" time="1.481"/>
  <testcase classname="FrameWork.FrameWork.ErrorValidationTest" name="ProductErrorValidation" time="3.9"/>
</testsuite> <!-- Test -->
