<?xml version="1.0" encoding="UTF-8"?>
<testng-results ignored="0" total="5" passed="5" failed="0" skipped="0">
  <reporter-output>
    <line>
      <![CDATA[ErrorMessage validated successfully]]>
    </line>
  </reporter-output>
  <suite started-at="2024-09-11T12:41:10 IST" name="Suite" finished-at="2024-09-11T12:41:42 IST" duration-ms="32016">
    <groups>
    </groups>
    <test started-at="2024-09-11T12:41:10 IST" name="Test" finished-at="2024-09-11T12:41:42 IST" duration-ms="32016">
      <class name="FrameWork.FrameWork.ErrorValidationTest">
        <test-method is-config="true" signature="launchapplication()[pri:0, instance:FrameWork.FrameWork.ErrorValidationTest@6e20b53a]" started-at="2024-09-11T12:41:32 IST" name="launchapplication" finished-at="2024-09-11T12:41:35 IST" duration-ms="2749" status="PASS">
          <reporter-output>
          </reporter-output>
        </test-method> <!-- launchapplication -->
        <test-method signature="LoginErrorValidation()[pri:0, instance:FrameWork.FrameWork.ErrorValidationTest@6e20b53a]" started-at="2024-09-11T12:41:35 IST" name="LoginErrorValidation" finished-at="2024-09-11T12:41:36 IST" duration-ms="1481" status="PASS">
          <reporter-output>
            <line>
              <![CDATA[ErrorMessage validated successfully]]>
            </line>
          </reporter-output>
        </test-method> <!-- LoginErrorValidation -->
        <test-method is-config="true" signature="closebrowser()[pri:0, instance:FrameWork.FrameWork.ErrorValidationTest@6e20b53a]" started-at="2024-09-11T12:41:36 IST" name="closebrowser" finished-at="2024-09-11T12:41:36 IST" duration-ms="122" status="PASS">
          <reporter-output>
          </reporter-output>
        </test-method> <!-- closebrowser -->
        <test-method is-config="true" signature="launchapplication()[pri:0, instance:FrameWork.FrameWork.ErrorValidationTest@6e20b53a]" started-at="2024-09-11T12:41:36 IST" name="launchapplication" finished-at="2024-09-11T12:41:38 IST" duration-ms="1705" status="PASS">
          <reporter-output>
          </reporter-output>
        </test-method> <!-- launchapplication -->
        <test-method signature="ProductErrorValidation()[pri:0, instance:FrameWork.FrameWork.ErrorValidationTest@6e20b53a]" started-at="2024-09-11T12:41:38 IST" name="ProductErrorValidation" finished-at="2024-09-11T12:41:42 IST" duration-ms="3900" status="PASS">
          <reporter-output>
          </reporter-output>
        </test-method> <!-- ProductErrorValidation -->
        <test-method is-config="true" signature="closebrowser()[pri:0, instance:FrameWork.FrameWork.ErrorValidationTest@6e20b53a]" started-at="2024-09-11T12:41:42 IST" name="closebrowser" finished-at="2024-09-11T12:41:42 IST" duration-ms="116" status="PASS">
          <reporter-output>
          </reporter-output>
        </test-method> <!-- closebrowser -->
      </class> <!-- FrameWork.FrameWork.ErrorValidationTest -->
      <class name="FrameWork.FrameWork.StandaloneTest2">
        <test-method is-config="true" signature="launchapplication()[pri:0, instance:FrameWork.FrameWork.StandaloneTest2@7193666c]" started-at="2024-09-11T12:41:10 IST" name="launchapplication" finished-at="2024-09-11T12:41:13 IST" duration-ms="2374" status="PASS">
          <reporter-output>
          </reporter-output>
        </test-method> <!-- launchapplication -->
        <test-method signature="StandAloneTest2(java.lang.String,java.lang.String,java.lang.String)[pri:0, instance:FrameWork.FrameWork.StandaloneTest2@7193666c]" started-at="2024-09-11T12:41:13 IST" name="StandAloneTest2" data-provider="data" finished-at="2024-09-11T12:41:18 IST" duration-ms="5574" status="PASS">
          <params>
            <param index="0">
              <value>
                <![CDATA[amruta@outlook.com]]>
              </value>
            </param>
            <param index="1">
              <value>
                <![CDATA[Amruta@123]]>
              </value>
            </param>
            <param index="2">
              <value>
                <![CDATA[ZARA COAT 3]]>
              </value>
            </param>
          </params>
          <reporter-output>
          </reporter-output>
        </test-method> <!-- StandAloneTest2 -->
        <test-method is-config="true" signature="closebrowser()[pri:0, instance:FrameWork.FrameWork.StandaloneTest2@7193666c]" started-at="2024-09-11T12:41:18 IST" name="closebrowser" finished-at="2024-09-11T12:41:18 IST" duration-ms="119" status="PASS">
          <reporter-output>
          </reporter-output>
        </test-method> <!-- closebrowser -->
        <test-method is-config="true" signature="launchapplication()[pri:0, instance:FrameWork.FrameWork.StandaloneTest2@7193666c]" started-at="2024-09-11T12:41:18 IST" name="launchapplication" finished-at="2024-09-11T12:41:21 IST" duration-ms="2846" status="PASS">
          <reporter-output>
          </reporter-output>
        </test-method> <!-- launchapplication -->
        <test-method signature="StandAloneTest2(java.lang.String,java.lang.String,java.lang.String)[pri:0, instance:FrameWork.FrameWork.StandaloneTest2@7193666c]" started-at="2024-09-11T12:41:21 IST" name="StandAloneTest2" data-provider="data" finished-at="2024-09-11T12:41:27 IST" duration-ms="6399" status="PASS">
          <params>
            <param index="0">
              <value>
                <![CDATA[VenkateshShetty@outlook.com]]>
              </value>
            </param>
            <param index="1">
              <value>
                <![CDATA[Amruta@123]]>
              </value>
            </param>
            <param index="2">
              <value>
                <![CDATA[ADIDAS ORIGINAL]]>
              </value>
            </param>
          </params>
          <reporter-output>
          </reporter-output>
        </test-method> <!-- StandAloneTest2 -->
        <test-method is-config="true" signature="closebrowser()[pri:0, instance:FrameWork.FrameWork.StandaloneTest2@7193666c]" started-at="2024-09-11T12:41:27 IST" name="closebrowser" finished-at="2024-09-11T12:41:28 IST" duration-ms="140" status="PASS">
          <reporter-output>
          </reporter-output>
        </test-method> <!-- closebrowser -->
        <test-method is-config="true" signature="launchapplication()[pri:0, instance:FrameWork.FrameWork.StandaloneTest2@7193666c]" started-at="2024-09-11T12:41:28 IST" name="launchapplication" finished-at="2024-09-11T12:41:29 IST" duration-ms="1654" status="PASS">
          <reporter-output>
          </reporter-output>
        </test-method> <!-- launchapplication -->
        <test-method signature="OrderHistoryTest()[pri:0, instance:FrameWork.FrameWork.StandaloneTest2@7193666c]" started-at="2024-09-11T12:41:29 IST" name="OrderHistoryTest" finished-at="2024-09-11T12:41:32 IST" depends-on-methods="FrameWork.FrameWork.StandaloneTest2.StandAloneTest2" duration-ms="2643" status="PASS">
          <reporter-output>
          </reporter-output>
        </test-method> <!-- OrderHistoryTest -->
        <test-method is-config="true" signature="closebrowser()[pri:0, instance:FrameWork.FrameWork.StandaloneTest2@7193666c]" started-at="2024-09-11T12:41:32 IST" name="closebrowser" finished-at="2024-09-11T12:41:32 IST" duration-ms="115" status="PASS">
          <reporter-output>
          </reporter-output>
        </test-method> <!-- closebrowser -->
      </class> <!-- FrameWork.FrameWork.StandaloneTest2 -->
    </test> <!-- Test -->
  </suite> <!-- Suite -->
</testng-results>
