<?xml version="1.0" encoding="UTF-8"?>
<testng-results ignored="0" total="2" passed="2" failed="0" skipped="0">
  <reporter-output>
    <line>
      <![CDATA[ErrorMessage validated successfully]]>
    </line>
  </reporter-output>
  <suite started-at="2024-09-10T20:03:03 IST" name="Default suite" finished-at="2024-09-10T20:03:15 IST" duration-ms="12367">
    <groups>
    </groups>
    <test started-at="2024-09-10T20:03:03 IST" name="Default test" finished-at="2024-09-10T20:03:15 IST" duration-ms="12367">
      <class name="FrameWork.FrameWork.ErrorValidationTest">
        <test-method is-config="true" signature="launchapplication()[pri:0, instance:FrameWork.FrameWork.ErrorValidationTest@40ef3420]" started-at="2024-09-10T20:03:03 IST" name="launchapplication" finished-at="2024-09-10T20:03:07 IST" duration-ms="3463" status="PASS">
          <reporter-output>
          </reporter-output>
        </test-method> <!-- launchapplication -->
        <test-method signature="LoginErrorValidation()[pri:0, instance:FrameWork.FrameWork.ErrorValidationTest@40ef3420]" started-at="2024-09-10T20:03:07 IST" name="LoginErrorValidation" finished-at="2024-09-10T20:03:08 IST" duration-ms="1699" status="PASS">
          <reporter-output>
            <line>
              <![CDATA[ErrorMessage validated successfully]]>
            </line>
          </reporter-output>
        </test-method> <!-- LoginErrorValidation -->
        <test-method is-config="true" signature="closebrowser()[pri:0, instance:FrameWork.FrameWork.ErrorValidationTest@40ef3420]" started-at="2024-09-10T20:03:08 IST" name="closebrowser" finished-at="2024-09-10T20:03:08 IST" duration-ms="116" status="PASS">
          <reporter-output>
          </reporter-output>
        </test-method> <!-- closebrowser -->
        <test-method is-config="true" signature="launchapplication()[pri:0, instance:FrameWork.FrameWork.ErrorValidationTest@40ef3420]" started-at="2024-09-10T20:03:08 IST" name="launchapplication" finished-at="2024-09-10T20:03:11 IST" duration-ms="2631" status="PASS">
          <reporter-output>
          </reporter-output>
        </test-method> <!-- launchapplication -->
        <test-method signature="ProductErrorValidation()[pri:0, instance:FrameWork.FrameWork.ErrorValidationTest@40ef3420]" started-at="2024-09-10T20:03:11 IST" name="ProductErrorValidation" finished-at="2024-09-10T20:03:15 IST" duration-ms="4254" status="PASS">
          <reporter-output>
          </reporter-output>
        </test-method> <!-- ProductErrorValidation -->
        <test-method is-config="true" signature="closebrowser()[pri:0, instance:FrameWork.FrameWork.ErrorValidationTest@40ef3420]" started-at="2024-09-10T20:03:15 IST" name="closebrowser" finished-at="2024-09-10T20:03:15 IST" duration-ms="161" status="PASS">
          <reporter-output>
          </reporter-output>
        </test-method> <!-- closebrowser -->
      </class> <!-- FrameWork.FrameWork.ErrorValidationTest -->
    </test> <!-- Default test -->
  </suite> <!-- Default suite -->
</testng-results>
