<?xml version="1.0" encoding="UTF-8"?>
<testng-results ignored="0" total="8" passed="8" failed="0" skipped="0">
  <reporter-output>
    <line>
      <![CDATA[ErrorMessage validated successfully]]>
    </line>
  </reporter-output>
  <suite started-at="2024-09-11T00:40:58 IST" name="Suite" finished-at="2024-09-11T00:41:46 IST" duration-ms="47794">
    <groups>
    </groups>
    <test started-at="2024-09-11T00:40:58 IST" name="Test" finished-at="2024-09-11T00:41:46 IST" duration-ms="47794">
      <class name="FrameWork.FrameWork.ErrorValidationTest">
        <test-method is-config="true" signature="launchapplication()[pri:0, instance:FrameWork.FrameWork.ErrorValidationTest@37afeb11]" started-at="2024-09-11T00:41:17 IST" name="launchapplication" finished-at="2024-09-11T00:41:18 IST" duration-ms="1165" status="PASS">
          <reporter-output>
          </reporter-output>
        </test-method> <!-- launchapplication -->
        <test-method signature="LoginErrorValidation()[pri:0, instance:FrameWork.FrameWork.ErrorValidationTest@37afeb11]" started-at="2024-09-11T00:41:18 IST" name="LoginErrorValidation" finished-at="2024-09-11T00:41:19 IST" duration-ms="1071" status="PASS">
          <reporter-output>
            <line>
              <![CDATA[ErrorMessage validated successfully]]>
            </line>
          </reporter-output>
        </test-method> <!-- LoginErrorValidation -->
        <test-method is-config="true" signature="closebrowser()[pri:0, instance:FrameWork.FrameWork.ErrorValidationTest@37afeb11]" started-at="2024-09-11T00:41:19 IST" name="closebrowser" finished-at="2024-09-11T00:41:19 IST" duration-ms="115" status="PASS">
          <reporter-output>
          </reporter-output>
        </test-method> <!-- closebrowser -->
        <test-method is-config="true" signature="launchapplication()[pri:0, instance:FrameWork.FrameWork.ErrorValidationTest@37afeb11]" started-at="2024-09-11T00:41:19 IST" name="launchapplication" finished-at="2024-09-11T00:41:20 IST" duration-ms="1221" status="PASS">
          <reporter-output>
          </reporter-output>
        </test-method> <!-- launchapplication -->
        <test-method signature="ProductErrorValidation()[pri:0, instance:FrameWork.FrameWork.ErrorValidationTest@37afeb11]" started-at="2024-09-11T00:41:20 IST" name="ProductErrorValidation" finished-at="2024-09-11T00:41:24 IST" duration-ms="3605" status="PASS">
          <reporter-output>
          </reporter-output>
        </test-method> <!-- ProductErrorValidation -->
        <test-method is-config="true" signature="closebrowser()[pri:0, instance:FrameWork.FrameWork.ErrorValidationTest@37afeb11]" started-at="2024-09-11T00:41:24 IST" name="closebrowser" finished-at="2024-09-11T00:41:24 IST" duration-ms="104" status="PASS">
          <reporter-output>
          </reporter-output>
        </test-method> <!-- closebrowser -->
      </class> <!-- FrameWork.FrameWork.ErrorValidationTest -->
      <class name="FrameWork.FrameWork.StandaloneTest2">
        <test-method is-config="true" signature="launchapplication()[pri:0, instance:FrameWork.FrameWork.StandaloneTest2@8dbdac1]" started-at="2024-09-11T00:40:58 IST" name="launchapplication" finished-at="2024-09-11T00:41:00 IST" duration-ms="1914" status="PASS">
          <reporter-output>
          </reporter-output>
        </test-method> <!-- launchapplication -->
        <test-method signature="StandAloneTest2(java.lang.String,java.lang.String,java.lang.String)[pri:0, instance:FrameWork.FrameWork.StandaloneTest2@8dbdac1]" started-at="2024-09-11T00:41:00 IST" name="StandAloneTest2" data-provider="data" finished-at="2024-09-11T00:41:05 IST" duration-ms="5114" status="PASS">
          <params>
            <param index="0">
              <value>
                <![CDATA[amruta@outlook.com]]>
              </value>
            </param>
            <param index="1">
              <value>
                <![CDATA[Amruta@123]]>
              </value>
            </param>
            <param index="2">
              <value>
                <![CDATA[ZARA COAT 3]]>
              </value>
            </param>
          </params>
          <reporter-output>
          </reporter-output>
        </test-method> <!-- StandAloneTest2 -->
        <test-method is-config="true" signature="closebrowser()[pri:0, instance:FrameWork.FrameWork.StandaloneTest2@8dbdac1]" started-at="2024-09-11T00:41:05 IST" name="closebrowser" finished-at="2024-09-11T00:41:05 IST" duration-ms="97" status="PASS">
          <reporter-output>
          </reporter-output>
        </test-method> <!-- closebrowser -->
        <test-method is-config="true" signature="launchapplication()[pri:0, instance:FrameWork.FrameWork.StandaloneTest2@8dbdac1]" started-at="2024-09-11T00:41:05 IST" name="launchapplication" finished-at="2024-09-11T00:41:08 IST" duration-ms="2544" status="PASS">
          <reporter-output>
          </reporter-output>
        </test-method> <!-- launchapplication -->
        <test-method signature="StandAloneTest2(java.lang.String,java.lang.String,java.lang.String)[pri:0, instance:FrameWork.FrameWork.StandaloneTest2@8dbdac1]" started-at="2024-09-11T00:41:08 IST" name="StandAloneTest2" data-provider="data" finished-at="2024-09-11T00:41:13 IST" duration-ms="5071" status="PASS">
          <params>
            <param index="0">
              <value>
                <![CDATA[VenkateshShetty@outlook.com]]>
              </value>
            </param>
            <param index="1">
              <value>
                <![CDATA[Amruta@123]]>
              </value>
            </param>
            <param index="2">
              <value>
                <![CDATA[ADIDAS ORIGINAL]]>
              </value>
            </param>
          </params>
          <reporter-output>
          </reporter-output>
        </test-method> <!-- StandAloneTest2 -->
        <test-method is-config="true" signature="closebrowser()[pri:0, instance:FrameWork.FrameWork.StandaloneTest2@8dbdac1]" started-at="2024-09-11T00:41:13 IST" name="closebrowser" finished-at="2024-09-11T00:41:13 IST" duration-ms="96" status="PASS">
          <reporter-output>
          </reporter-output>
        </test-method> <!-- closebrowser -->
        <test-method is-config="true" signature="launchapplication()[pri:0, instance:FrameWork.FrameWork.StandaloneTest2@8dbdac1]" started-at="2024-09-11T00:41:13 IST" name="launchapplication" finished-at="2024-09-11T00:41:14 IST" duration-ms="1195" status="PASS">
          <reporter-output>
          </reporter-output>
        </test-method> <!-- launchapplication -->
        <test-method signature="OrderHistoryTest()[pri:0, instance:FrameWork.FrameWork.StandaloneTest2@8dbdac1]" started-at="2024-09-11T00:41:14 IST" name="OrderHistoryTest" finished-at="2024-09-11T00:41:17 IST" depends-on-methods="FrameWork.FrameWork.StandaloneTest2.StandAloneTest2" duration-ms="2420" status="PASS">
          <reporter-output>
          </reporter-output>
        </test-method> <!-- OrderHistoryTest -->
        <test-method is-config="true" signature="closebrowser()[pri:0, instance:FrameWork.FrameWork.StandaloneTest2@8dbdac1]" started-at="2024-09-11T00:41:17 IST" name="closebrowser" finished-at="2024-09-11T00:41:17 IST" duration-ms="113" status="PASS">
          <reporter-output>
          </reporter-output>
        </test-method> <!-- closebrowser -->
      </class> <!-- FrameWork.FrameWork.StandaloneTest2 -->
      <class name="FrameWork.FrameWork.ExcelDrivenRunning">
        <test-method is-config="true" signature="launchapplication()[pri:0, instance:FrameWork.FrameWork.ExcelDrivenRunning@6db9f5a4]" started-at="2024-09-11T00:41:25 IST" name="launchapplication" finished-at="2024-09-11T00:41:27 IST" duration-ms="2382" status="PASS">
          <reporter-output>
          </reporter-output>
        </test-method> <!-- launchapplication -->
        <test-method signature="StandAloneTest2(java.lang.String,java.lang.String,java.lang.String)[pri:0, instance:FrameWork.FrameWork.ExcelDrivenRunning@6db9f5a4]" started-at="2024-09-11T00:41:27 IST" name="StandAloneTest2" data-provider="exceldata" finished-at="2024-09-11T00:41:33 IST" duration-ms="5553" status="PASS">
          <params>
            <param index="0">
              <value>
                <![CDATA[amruta@outlook.com]]>
              </value>
            </param>
            <param index="1">
              <value>
                <![CDATA[Amruta@123]]>
              </value>
            </param>
            <param index="2">
              <value>
                <![CDATA[ZARA COAT 3]]>
              </value>
            </param>
          </params>
          <reporter-output>
          </reporter-output>
        </test-method> <!-- StandAloneTest2 -->
        <test-method is-config="true" signature="closebrowser()[pri:0, instance:FrameWork.FrameWork.ExcelDrivenRunning@6db9f5a4]" started-at="2024-09-11T00:41:33 IST" name="closebrowser" finished-at="2024-09-11T00:41:33 IST" duration-ms="107" status="PASS">
          <reporter-output>
          </reporter-output>
        </test-method> <!-- closebrowser -->
        <test-method is-config="true" signature="launchapplication()[pri:0, instance:FrameWork.FrameWork.ExcelDrivenRunning@6db9f5a4]" started-at="2024-09-11T00:41:33 IST" name="launchapplication" finished-at="2024-09-11T00:41:35 IST" duration-ms="2194" status="PASS">
          <reporter-output>
          </reporter-output>
        </test-method> <!-- launchapplication -->
        <test-method signature="StandAloneTest2(java.lang.String,java.lang.String,java.lang.String)[pri:0, instance:FrameWork.FrameWork.ExcelDrivenRunning@6db9f5a4]" started-at="2024-09-11T00:41:35 IST" name="StandAloneTest2" data-provider="exceldata" finished-at="2024-09-11T00:41:40 IST" duration-ms="5048" status="PASS">
          <params>
            <param index="0">
              <value>
                <![CDATA[VenkateshShetty@outlook.com]]>
              </value>
            </param>
            <param index="1">
              <value>
                <![CDATA[Amruta@123]]>
              </value>
            </param>
            <param index="2">
              <value>
                <![CDATA[ADIDAS ORIGINAL]]>
              </value>
            </param>
          </params>
          <reporter-output>
          </reporter-output>
        </test-method> <!-- StandAloneTest2 -->
        <test-method is-config="true" signature="closebrowser()[pri:0, instance:FrameWork.FrameWork.ExcelDrivenRunning@6db9f5a4]" started-at="2024-09-11T00:41:40 IST" name="closebrowser" finished-at="2024-09-11T00:41:40 IST" duration-ms="92" status="PASS">
          <reporter-output>
          </reporter-output>
        </test-method> <!-- closebrowser -->
        <test-method is-config="true" signature="launchapplication()[pri:0, instance:FrameWork.FrameWork.ExcelDrivenRunning@6db9f5a4]" started-at="2024-09-11T00:41:40 IST" name="launchapplication" finished-at="2024-09-11T00:41:44 IST" duration-ms="3615" status="PASS">
          <reporter-output>
          </reporter-output>
        </test-method> <!-- launchapplication -->
        <test-method signature="OrderHistoryTest()[pri:0, instance:FrameWork.FrameWork.ExcelDrivenRunning@6db9f5a4]" started-at="2024-09-11T00:41:44 IST" name="OrderHistoryTest" finished-at="2024-09-11T00:41:46 IST" depends-on-methods="FrameWork.FrameWork.ExcelDrivenRunning.StandAloneTest2" duration-ms="2343" status="PASS">
          <reporter-output>
          </reporter-output>
        </test-method> <!-- OrderHistoryTest -->
        <test-method is-config="true" signature="closebrowser()[pri:0, instance:FrameWork.FrameWork.ExcelDrivenRunning@6db9f5a4]" started-at="2024-09-11T00:41:46 IST" name="closebrowser" finished-at="2024-09-11T00:41:46 IST" duration-ms="106" status="PASS">
          <reporter-output>
          </reporter-output>
        </test-method> <!-- closebrowser -->
      </class> <!-- FrameWork.FrameWork.ExcelDrivenRunning -->
    </test> <!-- Test -->
  </suite> <!-- Suite -->
</testng-results>
